<?xml version="1.0" encoding="UTF-8"?>
<!-- Generated by org.testng.reporters.JUnitXMLReporter -->
<testsuite ignored="0" hostname="user5" failures="0" tests="7" name="Default test" time="4.946" errors="0" timestamp="2024-11-19T09:28:44 IST">
  <testcase classname="testScripts.ConduitLoginTest" name="loginConduitTest" time="0.634"/>
  <testcase classname="testScripts.ConduitLoginTest" name="newArticleTest" time="0.525"/>
  <testcase classname="testScripts.ConduitLoginTest" name="ArticleConduitPageTest" time="0.729"/>
  <testcase classname="testScripts.ConduitLoginTest" name="clickPublishButtonTest" time="0.084"/>
  <testcase classname="testScripts.ConduitLoginTest" name="userArticleTest" time="0.887"/>
  <testcase classname="testScripts.ConduitLoginTest" name="updateArticleConduitPageTest" time="0.492"/>
  <testcase classname="testScripts.ConduitLoginTest" name="clickUpdateArticleTest" time="0.094"/>
</testsuite> <!-- Default test -->
