<?xml version="1.0" encoding="UTF-8"?>
<testng-results ignored="0" total="7" passed="7" failed="0" skipped="0">
  <reporter-output>
  </reporter-output>
  <suite started-at="2024-11-19T09:28:39 IST" name="Default suite" finished-at="2024-11-19T09:28:44 IST" duration-ms="4946">
    <groups>
    </groups>
    <test started-at="2024-11-19T09:28:39 IST" name="Default test" finished-at="2024-11-19T09:28:44 IST" duration-ms="4946">
      <class name="testScripts.ConduitLoginTest">
        <test-method is-config="true" signature="setup()[pri:0, instance:testScripts.ConduitLoginTest@372ea2bc]" started-at="2024-11-19T09:28:39 IST" name="setup" finished-at="2024-11-19T09:28:40 IST" duration-ms="1351" status="PASS">
          <reporter-output>
          </reporter-output>
        </test-method> <!-- setup -->
        <test-method signature="loginConduitTest()[pri:0, instance:testScripts.ConduitLoginTest@372ea2bc]" started-at="2024-11-19T09:28:40 IST" name="loginConduitTest" finished-at="2024-11-19T09:28:41 IST" duration-ms="634" status="PASS">
          <reporter-output>
          </reporter-output>
        </test-method> <!-- loginConduitTest -->
        <test-method signature="newArticleTest()[pri:1, instance:testScripts.ConduitLoginTest@372ea2bc]" started-at="2024-11-19T09:28:41 IST" name="newArticleTest" finished-at="2024-11-19T09:28:41 IST" duration-ms="525" status="PASS">
          <reporter-output>
          </reporter-output>
        </test-method> <!-- newArticleTest -->
        <test-method signature="ArticleConduitPageTest()[pri:2, instance:testScripts.ConduitLoginTest@372ea2bc]" started-at="2024-11-19T09:28:41 IST" name="ArticleConduitPageTest" finished-at="2024-11-19T09:28:42 IST" duration-ms="729" status="PASS">
          <reporter-output>
          </reporter-output>
        </test-method> <!-- ArticleConduitPageTest -->
        <test-method signature="clickPublishButtonTest()[pri:3, instance:testScripts.ConduitLoginTest@372ea2bc]" started-at="2024-11-19T09:28:42 IST" name="clickPublishButtonTest" finished-at="2024-11-19T09:28:42 IST" duration-ms="84" status="PASS">
          <reporter-output>
          </reporter-output>
        </test-method> <!-- clickPublishButtonTest -->
        <test-method signature="userArticleTest()[pri:4, instance:testScripts.ConduitLoginTest@372ea2bc]" started-at="2024-11-19T09:28:42 IST" name="userArticleTest" finished-at="2024-11-19T09:28:43 IST" duration-ms="887" status="PASS">
          <reporter-output>
          </reporter-output>
        </test-method> <!-- userArticleTest -->
        <test-method signature="updateArticleConduitPageTest()[pri:5, instance:testScripts.ConduitLoginTest@372ea2bc]" started-at="2024-11-19T09:28:43 IST" name="updateArticleConduitPageTest" finished-at="2024-11-19T09:28:44 IST" duration-ms="492" status="PASS">
          <reporter-output>
          </reporter-output>
        </test-method> <!-- updateArticleConduitPageTest -->
        <test-method signature="clickUpdateArticleTest()[pri:6, instance:testScripts.ConduitLoginTest@372ea2bc]" started-at="2024-11-19T09:28:44 IST" name="clickUpdateArticleTest" finished-at="2024-11-19T09:28:44 IST" duration-ms="94" status="PASS">
          <reporter-output>
          </reporter-output>
        </test-method> <!-- clickUpdateArticleTest -->
      </class> <!-- testScripts.ConduitLoginTest -->
    </test> <!-- Default test -->
  </suite> <!-- Default suite -->
</testng-results>
